2016-10-31 15:43:47 | Error | Include: wrong file name in configuration file: config file = /var/www/html/itop/conf/production/config-itop.php, section = dictionaries, filename = /var/www/html/itop//env-production/dictionaries/da-da.dict.php
2016-10-31 15:45:24 | Error | Include: wrong file name in configuration file: config file = /var/www/html/itop/conf/production/config-itop.php, section = dictionaries, filename = /var/www/html/itop//env-production/dictionaries/da-da.dict.php
2016-10-31 15:45:50 | Error | Include: wrong file name in configuration file: config file = /var/www/html/itop/conf/production/config-itop.php, section = dictionaries, filename = /var/www/html/itop//env-production/dictionaries/da-da.dict.php
2016-10-31 16:03:25 | Error | Include: wrong file name in configuration file: config file = /var/www/html/itop/conf/production/config-itop.php, section = dictionaries, filename = /var/www/html/itop//env-production/dictionaries/da-da.dict.php
2016-10-31 16:04:17 | Error | Include: wrong file name in configuration file: config file = /var/www/html/itop/conf/production/config-itop.php, section = dictionaries, filename = /var/www/html/itop//env-production/dictionaries/da-da.dict.php
2016-10-31 16:04:52 | Error | Include: wrong file name in configuration file: config file = /var/www/html/itop/conf/production/config-itop.php, section = dictionaries, filename = /var/www/html/itop//env-production/dictionaries/da-da.dict.php
2016-10-31 16:09:38 | Error | Include: wrong file name in configuration file: config file = /var/www/html/itop/conf/production/config-itop.php, section = dictionaries, filename = /var/www/html/itop//env-production/dictionaries/da-da.dict.php
2016-10-31 16:30:30 | Error | Include: wrong file name in configuration file: config file = /var/www/html/itop/conf/production/config-itop.php, section = dictionaries, filename = /var/www/html/itop//env-production/dictionaries/da-da.dict.php
2016-10-31 16:33:59 | Error | Include: wrong file name in configuration file: config file = /var/www/html/itop/conf/production/config-itop.php, section = dictionaries, filename = /var/www/html/itop//env-production/dictionaries/da-da.dict.php
2016-10-31 16:34:43 | Error | Include: wrong file name in configuration file: config file = /var/www/html/itop/conf/production/config-itop.php, section = dictionaries, filename = /var/www/html/itop//env-production/dictionaries/da-da.dict.php
2016-10-31 16:38:55 | Error | Include: wrong file name in configuration file: config file = /var/www/html/itop/conf/production/config-itop.php, section = dictionaries, filename = /var/www/html/itop//env-production/dictionaries/da-da.dict.php
2016-10-31 16:40:20 | Error | Include: wrong file name in configuration file: config file = /var/www/html/itop/conf/production/config-itop.php, section = dictionaries, filename = /var/www/html/itop//env-production/dictionaries/da-da.dict.php
2016-11-01 08:14:43 | Error | Include: wrong file name in configuration file: config file = /var/www/html/itop/conf/production/config-itop.php, section = dictionaries, filename = /var/www/html/itop//env-production/dictionaries/da-da.dict.php
2016-11-01 08:16:11 | Error | Include: wrong file name in configuration file: config file = /var/www/html/itop/conf/production/config-itop.php, section = dictionaries, filename = /var/www/html/itop//env-production/dictionaries/da-da.dict.php
2016-11-01 08:17:17 | Error | Include: wrong file name in configuration file: config file = /var/www/html/itop/conf/production/config-itop.php, section = dictionaries, filename = /var/www/html/itop//env-production/dictionaries/da-da.dict.php
2016-11-01 08:18:21 | Error | Include: wrong file name in configuration file: config file = /var/www/html/itop/conf/production/config-itop.php, section = dictionaries, filename = /var/www/html/itop//env-production/dictionaries/da-da.dict.php
2016-11-01 08:18:26 | Error | Include: wrong file name in configuration file: config file = /var/www/html/itop/conf/production/config-itop.php, section = dictionaries, filename = /var/www/html/itop//env-production/dictionaries/da-da.dict.php
2016-11-01 08:20:45 | Error | Include: wrong file name in configuration file: config file = /var/www/html/itop/conf/production/config-itop.php, section = dictionaries, filename = /var/www/html/itop//env-production/dictionaries/da-da.dict.php
2016-11-01 08:21:49 | Error | Include: wrong file name in configuration file: config file = /var/www/html/itop/conf/production/config-itop.php, section = dictionaries, filename = /var/www/html/itop//env-production/dictionaries/da-da.dict.php
2016-11-01 08:21:53 | Error | Include: wrong file name in configuration file: config file = /var/www/html/itop/conf/production/config-itop.php, section = dictionaries, filename = /var/www/html/itop//env-production/dictionaries/da-da.dict.php
2016-11-01 08:23:29 | Error | Include: wrong file name in configuration file: config file = /var/www/html/itop/conf/production/config-itop.php, section = dictionaries, filename = /var/www/html/itop//env-production/dictionaries/da-da.dict.php
2016-11-01 08:23:36 | Error | Include: wrong file name in configuration file: config file = /var/www/html/itop/conf/production/config-itop.php, section = dictionaries, filename = /var/www/html/itop//env-production/dictionaries/da-da.dict.php
2016-11-01 08:41:10 | Error | Failed to execute: mysql --default-character-set=utf8 --host='mysql'  --user=xxxx --password=xxxx 'itop' <'/tmp/itop-EXWm8r/itop-dump.sql' 2>&1. The command returned:1
2016-11-01 08:41:10 | Error | mysql said: mysql: [Warning] Using a password on the command line interface can be insecure.
2016-11-01 08:41:10 | Error | mysql said: ERROR 1227 (42000) at line 9387: Access denied; you need (at least one of) the SUPER privilege(s) for this operation
2016-11-01 08:42:02 | Error | Failed to execute: mysql --default-character-set=utf8 --host='mysql'  --user=xxxx --password=xxxx 'itop' <'/tmp/itop-wnZLkN/itop-dump.sql' 2>&1. The command returned:2
2016-11-01 08:42:22 | Error | DBUpdate: could not update a newly created object, please call DBInsert instead
2016-11-01 08:49:41 | Error | Include: wrong file name in configuration file: config file = /var/www/html/itop/conf/production/config-itop.php, section = dictionaries, filename = /var/www/html/itop//env-production/dictionaries/da-da.dict.php
2016-11-01 08:50:11 | Error | Include: wrong file name in configuration file: config file = /var/www/html/itop/conf/production/config-itop.php, section = dictionaries, filename = /var/www/html/itop//env-production/dictionaries/da-da.dict.php
2016-11-01 09:17:45 | Error | Failed to log issue into the DB
2016-11-01 09:17:45 | Error | Failed to issue SQL query: query = INSERT INTO `priv_event` (`message`,`date`,`userinfo`,`realclass`) VALUES ('Could not select DB: db_name = itop, mysql_error = Access denied for user \'itop\'@\'%\' to database \'itop\', mysql_errno = 1044', '2016-11-01 09:17:45', '', 'EventIssue'), mysql_error = No database selected, mysql_errno = 1046
2016-11-01 09:17:48 | Error | Failed to log issue into the DB
2016-11-01 09:17:48 | Error | Failed to issue SQL query: query = INSERT INTO `priv_event` (`message`,`date`,`userinfo`,`realclass`) VALUES ('Could not select DB: db_name = itop, mysql_error = Access denied for user \'itop\'@\'%\' to database \'itop\', mysql_errno = 1044', '2016-11-01 09:17:48', '', 'EventIssue'), mysql_error = No database selected, mysql_errno = 1046
2016-11-01 09:17:49 | Error | Failed to log issue into the DB
2016-11-01 09:17:49 | Error | Failed to issue SQL query: query = INSERT INTO `priv_event` (`message`,`date`,`userinfo`,`realclass`) VALUES ('Could not select DB: db_name = itop, mysql_error = Access denied for user \'itop\'@\'%\' to database \'itop\', mysql_errno = 1044', '2016-11-01 09:17:49', '', 'EventIssue'), mysql_error = No database selected, mysql_errno = 1046
2016-11-01 09:17:51 | Error | Failed to log issue into the DB
2016-11-01 09:17:51 | Error | Failed to issue SQL query: query = INSERT INTO `priv_event` (`message`,`date`,`userinfo`,`realclass`) VALUES ('Could not select DB: db_name = itop, mysql_error = Access denied for user \'itop\'@\'%\' to database \'itop\', mysql_errno = 1044', '2016-11-01 09:17:51', '', 'EventIssue'), mysql_error = No database selected, mysql_errno = 1046
2016-11-01 09:17:54 | Error | Failed to log issue into the DB
2016-11-01 09:17:54 | Error | Failed to issue SQL query: query = INSERT INTO `priv_event` (`message`,`date`,`userinfo`,`realclass`) VALUES ('Could not select DB: db_name = itop, mysql_error = Access denied for user \'itop\'@\'%\' to database \'itop\', mysql_errno = 1044', '2016-11-01 09:17:54', '', 'EventIssue'), mysql_error = No database selected, mysql_errno = 1046
2016-11-01 09:17:55 | Error | Failed to log issue into the DB
2016-11-01 09:17:55 | Error | Failed to issue SQL query: query = INSERT INTO `priv_event` (`message`,`date`,`userinfo`,`realclass`) VALUES ('Could not select DB: db_name = itop, mysql_error = Access denied for user \'itop\'@\'%\' to database \'itop\', mysql_errno = 1044', '2016-11-01 09:17:55', '', 'EventIssue'), mysql_error = No database selected, mysql_errno = 1046
2016-11-01 09:19:18 | Error | Failed to log issue into the DB
2016-11-01 09:19:18 | Error | Failed to issue SQL query: query = INSERT INTO `priv_event` (`message`,`date`,`userinfo`,`realclass`) VALUES ('Failed to issue SQL query: query = SELECT COUNT(DISTINCT COALESCE(`Organization_organization`.`id`, 0)) AS COUNT FROM `organization` AS `Organization_organization` WHERE 1, mysql_error = Table \'itop.organization\' doesn\'t exist, mysql_errno = 1146', '2016-11-01 09:19:18', '', 'EventIssue'), mysql_error = Table 'itop.priv_event' doesn't exist, mysql_errno = 1146
2016-11-01 09:19:21 | Error | Failed to log issue into the DB
2016-11-01 09:19:21 | Error | Failed to issue SQL query: query = INSERT INTO `priv_event` (`message`,`date`,`userinfo`,`realclass`) VALUES ('Failed to issue SQL query: query = SELECT COUNT(DISTINCT COALESCE(`Organization_organization`.`id`, 0)) AS COUNT FROM `organization` AS `Organization_organization` WHERE 1, mysql_error = Table \'itop.organization\' doesn\'t exist, mysql_errno = 1146', '2016-11-01 09:19:21', '', 'EventIssue'), mysql_error = Table 'itop.priv_event' doesn't exist, mysql_errno = 1146
2016-11-01 09:19:27 | Error | Failed to log issue into the DB
2016-11-01 09:19:27 | Error | Failed to issue SQL query: query = INSERT INTO `priv_event` (`message`,`date`,`userinfo`,`realclass`) VALUES ('Failed to issue SQL query: query = SELECT COUNT(DISTINCT COALESCE(`Organization_organization`.`id`, 0)) AS COUNT FROM `organization` AS `Organization_organization` WHERE 1, mysql_error = Table \'itop.organization\' doesn\'t exist, mysql_errno = 1146', '2016-11-01 09:19:27', '', 'EventIssue'), mysql_error = Table 'itop.priv_event' doesn't exist, mysql_errno = 1146
